[0m15:20:42.953098 [debug] [MainThread]: Sending event: {'category': 'dbt', 'action': 'invocation', 'label': 'start', 'context': [<snowplow_tracker.self_describing_json.SelfDescribingJson object at 0x10d8e4650>, <snowplow_tracker.self_describing_json.SelfDescribingJson object at 0x10d901410>, <snowplow_tracker.self_describing_json.SelfDescribingJson object at 0x10d9345d0>]}


============================== 15:20:42.955619 | e94b65c6-5efc-4ba2-868e-5840c209e11d ==============================
[0m15:20:42.955619 [info ] [MainThread]: Running with dbt=1.11.0-b3
[0m15:20:42.955914 [debug] [MainThread]: running dbt with arguments {'invocation_command': 'dbt init ae-bootcamp', 'printer_width': '80', 'profiles_dir': '/Users/dariyaostrovska/.dbt', 'warn_error': 'None', 'send_anonymous_usage_stats': 'True', 'fail_fast': 'False', 'write_json': 'True', 'debug': 'False', 'version_check': 'True', 'no_print': 'None', 'log_cache_events': 'False', 'indirect_selection': 'eager', 'partial_parse': 'True', 'quiet': 'False', 'empty': 'None', 'static_parser': 'True', 'introspect': 'True', 'log_path': 'logs', 'warn_error_options': 'WarnErrorOptionsV2(error=[], warn=[], silence=[])', 'cache_selected_only': 'False', 'use_experimental_parser': 'False', 'log_format': 'default', 'use_colors': 'True', 'target_path': 'None'}
[0m15:20:42.964419 [info ] [MainThread]: Creating dbt configuration folder at /Users/dariyaostrovska/.dbt
[0m15:22:50.615021 [debug] [MainThread]: Starter project path: /Users/dariyaostrovska/analytics-engineering-bootcamp/.venv/lib/python3.11/site-packages/dbt/include/starter_project
[0m15:22:50.624218 [info ] [MainThread]: 
Your new dbt project "ae_bootcamp" was created!

For more information on how to configure the profiles.yml file,
please consult the dbt documentation here:

  https://docs.getdbt.com/docs/configure-your-profile

One more thing:

Need help? Don't hesitate to reach out to us via GitHub issues or on Slack:

  https://community.getdbt.com/

Happy modeling!

[0m15:22:50.624702 [info ] [MainThread]: Setting up your profile.
[0m15:25:20.316901 [info ] [MainThread]: Profile ae_bootcamp written to /Users/dariyaostrovska/.dbt/profiles.yml using target's profile_template.yml and your supplied values. Run 'dbt debug' to validate the connection.
[0m15:25:20.324440 [debug] [MainThread]: Resource report: {"command_name": "init", "command_success": true, "command_wall_clock_time": 277.41306, "process_in_blocks": "0", "process_kernel_time": 0.397489, "process_mem_max_rss": "367050752", "process_out_blocks": "0", "process_user_time": 1.568896}
[0m15:25:20.326114 [debug] [MainThread]: Command `dbt init` succeeded at 15:25:20.325774 after 277.41 seconds
[0m15:25:20.326633 [debug] [MainThread]: Sending event: {'category': 'dbt', 'action': 'invocation', 'label': 'end', 'context': [<snowplow_tracker.self_describing_json.SelfDescribingJson object at 0x10d8bc250>, <snowplow_tracker.self_describing_json.SelfDescribingJson object at 0x10d900b10>, <snowplow_tracker.self_describing_json.SelfDescribingJson object at 0x10d901850>]}
[0m15:25:20.326978 [debug] [MainThread]: Flushing usage events
[0m15:25:21.325091 [debug] [MainThread]: An error was encountered while trying to flush usage events
[0m15:25:38.484521 [debug] [MainThread]: Sending event: {'category': 'dbt', 'action': 'invocation', 'label': 'start', 'context': [<snowplow_tracker.self_describing_json.SelfDescribingJson object at 0x106cf56d0>, <snowplow_tracker.self_describing_json.SelfDescribingJson object at 0x1096e9410>, <snowplow_tracker.self_describing_json.SelfDescribingJson object at 0x109692c50>]}


============================== 15:25:38.486954 | 9f4eeff6-418b-486c-bca9-de0f80b7b82e ==============================
[0m15:25:38.486954 [info ] [MainThread]: Running with dbt=1.11.0-b3
[0m15:25:38.487233 [debug] [MainThread]: running dbt with arguments {'no_print': 'None', 'partial_parse': 'True', 'indirect_selection': 'eager', 'invocation_command': 'dbt debug', 'static_parser': 'True', 'use_experimental_parser': 'False', 'empty': 'None', 'quiet': 'False', 'fail_fast': 'False', 'target_path': 'None', 'warn_error': 'None', 'debug': 'False', 'version_check': 'True', 'log_cache_events': 'False', 'cache_selected_only': 'False', 'use_colors': 'True', 'printer_width': '80', 'warn_error_options': 'WarnErrorOptionsV2(error=[], warn=[], silence=[])', 'write_json': 'True', 'profiles_dir': '/Users/dariyaostrovska/.dbt', 'log_format': 'default', 'log_path': 'logs', 'introspect': 'True', 'send_anonymous_usage_stats': 'True'}
[0m15:25:38.495496 [info ] [MainThread]: dbt version: 1.11.0-b3
[0m15:25:38.495703 [info ] [MainThread]: python version: 3.11.14
[0m15:25:38.495851 [info ] [MainThread]: python path: /Users/dariyaostrovska/analytics-engineering-bootcamp/.venv/bin/python3.11
[0m15:25:38.495971 [info ] [MainThread]: os info: macOS-26.0.1-arm64-arm-64bit
[0m15:25:39.855367 [info ] [MainThread]: Using profiles dir at /Users/dariyaostrovska/.dbt
[0m15:25:39.855685 [info ] [MainThread]: Using profiles.yml file at /Users/dariyaostrovska/.dbt/profiles.yml
[0m15:25:39.855839 [info ] [MainThread]: Using dbt_project.yml file at /Users/dariyaostrovska/analytics-engineering-bootcamp/dbt_project.yml
[0m15:25:39.855976 [info ] [MainThread]: adapter type: bigquery
[0m15:25:39.856097 [info ] [MainThread]: adapter version: 1.10.2
[0m15:25:39.856226 [info ] [MainThread]: Configuration:
[0m15:25:39.856339 [info ] [MainThread]:   profiles.yml file [[32mOK found and valid[0m]
[0m15:25:39.856452 [info ] [MainThread]:   dbt_project.yml file [[31mERROR not found[0m]
[0m15:25:39.856560 [info ] [MainThread]: Required dependencies:
[0m15:25:39.856705 [debug] [MainThread]: Executing "git --help"
[0m15:25:39.885872 [debug] [MainThread]: STDOUT: "b"usage: git [-v | --version] [-h | --help] [-C <path>] [-c <name>=<value>]\n           [--exec-path[=<path>]] [--html-path] [--man-path] [--info-path]\n           [-p | --paginate | -P | --no-pager] [--no-replace-objects] [--no-lazy-fetch]\n           [--no-optional-locks] [--no-advice] [--bare] [--git-dir=<path>]\n           [--work-tree=<path>] [--namespace=<name>] [--config-env=<name>=<envvar>]\n           <command> [<args>]\n\nThese are common Git commands used in various situations:\n\nstart a working area (see also: git help tutorial)\n   clone      Clone a repository into a new directory\n   init       Create an empty Git repository or reinitialize an existing one\n\nwork on the current change (see also: git help everyday)\n   add        Add file contents to the index\n   mv         Move or rename a file, a directory, or a symlink\n   restore    Restore working tree files\n   rm         Remove files from the working tree and from the index\n\nexamine the history and state (see also: git help revisions)\n   bisect     Use binary search to find the commit that introduced a bug\n   diff       Show changes between commits, commit and working tree, etc\n   grep       Print lines matching a pattern\n   log        Show commit logs\n   show       Show various types of objects\n   status     Show the working tree status\n\ngrow, mark and tweak your common history\n   backfill   Download missing objects in a partial clone\n   branch     List, create, or delete branches\n   commit     Record changes to the repository\n   merge      Join two or more development histories together\n   rebase     Reapply commits on top of another base tip\n   reset      Reset current HEAD to the specified state\n   switch     Switch branches\n   tag        Create, list, delete or verify a tag object signed with GPG\n\ncollaborate (see also: git help workflows)\n   fetch      Download objects and refs from another repository\n   pull       Fetch from and integrate with another repository or a local branch\n   push       Update remote refs along with associated objects\n\n'git help -a' and 'git help -g' list available subcommands and some\nconcept guides. See 'git help <command>' or 'git help <concept>'\nto read about a specific subcommand or concept.\nSee 'git help git' for an overview of the system.\n""
[0m15:25:39.886299 [debug] [MainThread]: STDERR: "b''"
[0m15:25:39.886445 [info ] [MainThread]:  - git [[32mOK found[0m]

[0m15:25:39.886605 [info ] [MainThread]: Connection:
[0m15:25:39.886779 [info ] [MainThread]:   method: oauth
[0m15:25:39.886888 [info ] [MainThread]:   database: bootcamp-ae
[0m15:25:39.886992 [info ] [MainThread]:   execution_project: bootcamp-ae
[0m15:25:39.887094 [info ] [MainThread]:   schema: dbt_dariya
[0m15:25:39.887192 [info ] [MainThread]:   location: US
[0m15:25:39.887289 [info ] [MainThread]:   priority: interactive
[0m15:25:39.887391 [info ] [MainThread]:   maximum_bytes_billed: None
[0m15:25:39.887492 [info ] [MainThread]:   impersonate_service_account: None
[0m15:25:39.887605 [info ] [MainThread]:   job_retry_deadline_seconds: None
[0m15:25:39.887701 [info ] [MainThread]:   job_retries: 1
[0m15:25:39.887803 [info ] [MainThread]:   job_creation_timeout_seconds: None
[0m15:25:39.887900 [info ] [MainThread]:   job_execution_timeout_seconds: 300
[0m15:25:39.887998 [info ] [MainThread]:   timeout_seconds: 300
[0m15:25:39.888100 [info ] [MainThread]:   client_id: None
[0m15:25:39.888197 [info ] [MainThread]:   token_uri: None
[0m15:25:39.888295 [info ] [MainThread]:   compute_region: None
[0m15:25:39.888390 [info ] [MainThread]:   dataproc_cluster_name: None
[0m15:25:39.888488 [info ] [MainThread]:   gcs_bucket: None
[0m15:25:39.888588 [info ] [MainThread]:   dataproc_batch: None
[0m15:25:39.888862 [info ] [MainThread]: Registered adapter: bigquery=1.10.2
[0m15:25:39.999361 [debug] [MainThread]: Acquiring new bigquery connection 'debug'
[0m15:25:39.999663 [debug] [MainThread]: On debug: select 1 as id
[0m15:25:39.999832 [debug] [MainThread]: Opening a new connection, currently in state init
[0m15:25:49.237312 [debug] [MainThread]: BigQuery adapter: Got an error when attempting to create a bigquery " "client: 'Runtime Error
  Failed to authenticate with supplied credentials
  error:
  Your default credentials were not found. To set up Application Default Credentials, see https://cloud.google.com/docs/authentication/external/set-up-adc for more information.'
[0m15:25:49.238600 [debug] [MainThread]: BigQuery adapter: Unhandled error while running:
select 1 as id
[0m15:25:49.239314 [debug] [MainThread]: BigQuery adapter: Database Error
  Runtime Error
    Failed to authenticate with supplied credentials
    error:
    Your default credentials were not found. To set up Application Default Credentials, see https://cloud.google.com/docs/authentication/external/set-up-adc for more information.
[0m15:25:49.239938 [info ] [MainThread]:   Connection test: [[31mERROR[0m]

[0m15:25:49.240660 [info ] [MainThread]: [31m2 checks failed:[0m
[0m15:25:49.241077 [info ] [MainThread]: Project loading failed for the following reason:
 project path </Users/dariyaostrovska/analytics-engineering-bootcamp/dbt_project.yml> not found

[0m15:25:49.241465 [info ] [MainThread]: dbt was unable to connect to the specified database.
The database returned the following error:

  >'NoneType' object has no attribute 'close'

Check your database credentials and try again. For more information, visit:
https://docs.getdbt.com/docs/configure-your-profile


[0m15:25:49.249906 [debug] [MainThread]: Resource report: {"command_name": "debug", "command_success": false, "command_wall_clock_time": 10.796438, "process_in_blocks": "0", "process_kernel_time": 0.33119, "process_mem_max_rss": "373047296", "process_out_blocks": "0", "process_user_time": 1.627302}
[0m15:25:49.251252 [debug] [MainThread]: Command `dbt debug` failed at 15:25:49.251093 after 10.80 seconds
[0m15:25:49.251902 [debug] [MainThread]: Sending event: {'category': 'dbt', 'action': 'invocation', 'label': 'end', 'context': [<snowplow_tracker.self_describing_json.SelfDescribingJson object at 0x1096a4090>, <snowplow_tracker.self_describing_json.SelfDescribingJson object at 0x1096ea5d0>, <snowplow_tracker.self_describing_json.SelfDescribingJson object at 0x1055d1810>]}
[0m15:25:49.252473 [debug] [MainThread]: Flushing usage events
[0m15:25:49.898106 [debug] [MainThread]: An error was encountered while trying to flush usage events
